[2017-03-16 13:22:21] ============================================================
[2017-03-16 13:22:23] 服务器窗口初始化完成.
[2017-03-16 13:22:23] 当前监听端口：port = 9001
[2017-03-16 13:22:23] 创建 客户端连接管理线程 线程成功：线程ID = [6784]
[2017-03-16 13:22:23] 创建 数据库连接管理线程 线程成功：线程ID = [3544]
[2017-03-16 13:22:23] 创建 客户端连接监听线程 线程成功：线程ID = [8768]
[2017-03-16 13:22:23] 服务器逻辑初始化完成.
[2017-03-16 13:22:23] 设置输入监听器完成.
[2017-03-16 13:22:23] 设置服务器对象内核完成.
[2017-03-16 13:22:28] 启动服务器失败：无法打开配置文件.\Config\FKSimpleServerConfig.ini.
[2017-03-16 13:22:33] ================== [关闭服务器] ==================
[2017-03-16 13:23:27] ============================================================
[2017-03-16 13:23:27] 服务器窗口初始化完成.
[2017-03-16 13:23:27] 当前监听端口：port = 9001
[2017-03-16 13:23:27] 创建 客户端连接管理线程 线程成功：线程ID = [7852]
[2017-03-16 13:23:27] 创建 数据库连接管理线程 线程成功：线程ID = [8572]
[2017-03-16 13:23:27] 创建 客户端连接监听线程 线程成功：线程ID = [8208]
[2017-03-16 13:23:27] 服务器逻辑初始化完成.
[2017-03-16 13:23:27] 设置输入监听器完成.
[2017-03-16 13:23:27] 设置服务器对象内核完成.
[2017-03-16 13:23:31] ================== [关闭服务器] ==================
[2017-03-16 13:28:29] ============================================================
[2017-03-16 13:28:29] 服务器窗口初始化完成.
[2017-03-16 13:28:29] 当前监听端口：port = 9001
[2017-03-16 13:28:29] 创建 客户端连接管理线程 线程成功：线程ID = [6128]
[2017-03-16 13:28:29] 创建 数据库连接管理线程 线程成功：线程ID = [1160]
[2017-03-16 13:28:29] 创建 客户端连接监听线程 线程成功：线程ID = [4684]
[2017-03-16 13:28:29] 服务器逻辑初始化完成.
[2017-03-16 13:28:29] 设置输入监听器完成.
[2017-03-16 13:28:29] 设置服务器对象内核完成.
[2017-03-16 13:28:36] ================== [关闭服务器] ==================
